<?xml version="1.0" encoding="UTF-8"?>
<coverage generated="1765362735957" clover="3.2.0">
  <project timestamp="1765362735960" name="All files">
    <metrics statements="501" coveredstatements="368" conditionals="400" coveredconditionals="227" methods="131" coveredmethods="85" elements="1032" coveredelements="680" complexity="0" loc="501" ncloc="501" packages="1" files="11" classes="11"/>
    <file name="AuthProvider.tsx" path="/usr/local/google/home/vadimzaripov/Dev/iceberg_explorer/components/AuthProvider.tsx">
      <metrics statements="2" coveredstatements="2" conditionals="0" coveredconditionals="0" methods="1" coveredmethods="1"/>
      <line num="3" count="1" type="stmt"/>
      <line num="5" count="1" type="stmt"/>
    </file>
    <file name="BucketBrowser.tsx" path="/usr/local/google/home/vadimzaripov/Dev/iceberg_explorer/components/BucketBrowser.tsx">
      <metrics statements="141" coveredstatements="86" conditionals="110" coveredconditionals="43" methods="25" coveredmethods="15"/>
      <line num="3" count="1" type="stmt"/>
      <line num="4" count="1" type="stmt"/>
      <line num="6" count="1" type="stmt"/>
      <line num="19" count="4" type="stmt"/>
      <line num="24" count="23" type="stmt"/>
      <line num="25" count="23" type="stmt"/>
      <line num="26" count="23" type="stmt"/>
      <line num="27" count="23" type="stmt"/>
      <line num="28" count="23" type="stmt"/>
      <line num="29" count="23" type="stmt"/>
      <line num="30" count="23" type="stmt"/>
      <line num="31" count="23" type="stmt"/>
      <line num="32" count="23" type="stmt"/>
      <line num="33" count="23" type="stmt"/>
      <line num="34" count="23" type="stmt"/>
      <line num="35" count="23" type="stmt"/>
      <line num="36" count="23" type="stmt"/>
      <line num="37" count="23" type="stmt"/>
      <line num="38" count="23" type="stmt"/>
      <line num="39" count="23" type="stmt"/>
      <line num="40" count="23" type="stmt"/>
      <line num="42" count="23" type="stmt"/>
      <line num="43" count="4" type="stmt"/>
      <line num="46" count="23" type="stmt"/>
      <line num="47" count="8" type="cond" truecount="1" falsecount="1"/>
      <line num="48" count="8" type="cond" truecount="2" falsecount="0"/>
      <line num="49" count="4" type="stmt"/>
      <line num="51" count="4" type="stmt"/>
      <line num="52" count="4" type="stmt"/>
      <line num="56" count="23" type="stmt"/>
      <line num="57" count="4" type="stmt"/>
      <line num="58" count="4" type="stmt"/>
      <line num="59" count="4" type="stmt"/>
      <line num="60" count="4" type="stmt"/>
      <line num="61" count="4" type="cond" truecount="1" falsecount="1"/>
      <line num="62" count="4" type="stmt"/>
      <line num="65" count="4" type="cond" truecount="1" falsecount="1"/>
      <line num="66" count="0" type="cond" truecount="0" falsecount="2"/>
      <line num="68" count="4" type="cond" truecount="1" falsecount="1"/>
      <line num="69" count="0" type="stmt"/>
      <line num="73" count="4" type="cond" truecount="3" falsecount="1"/>
      <line num="74" count="4" type="stmt"/>
      <line num="77" count="0" type="stmt"/>
      <line num="78" count="0" type="cond" truecount="0" falsecount="5"/>
      <line num="79" count="0" type="stmt"/>
      <line num="80" count="0" type="cond" truecount="0" falsecount="2"/>
      <line num="81" count="0" type="stmt"/>
      <line num="82" count="0" type="cond" truecount="0" falsecount="2"/>
      <line num="83" count="0" type="cond" truecount="0" falsecount="2"/>
      <line num="84" count="0" type="cond" truecount="0" falsecount="2"/>
      <line num="85" count="0" type="stmt"/>
      <line num="86" count="0" type="cond" truecount="0" falsecount="2"/>
      <line num="87" count="0" type="stmt"/>
      <line num="89" count="0" type="cond" truecount="0" falsecount="2"/>
      <line num="91" count="0" type="cond" truecount="0" falsecount="2"/>
      <line num="92" count="0" type="cond" truecount="0" falsecount="4"/>
      <line num="93" count="0" type="stmt"/>
      <line num="95" count="0" type="stmt"/>
      <line num="98" count="0" type="stmt"/>
      <line num="99" count="0" type="stmt"/>
      <line num="101" count="4" type="stmt"/>
      <line num="105" count="23" type="stmt"/>
      <line num="106" count="4" type="cond" truecount="1" falsecount="1"/>
      <line num="107" count="4" type="cond" truecount="1" falsecount="1"/>
      <line num="108" count="0" type="stmt"/>
      <line num="109" count="0" type="stmt"/>
      <line num="110" count="0" type="stmt"/>
      <line num="113" count="4" type="stmt"/>
      <line num="114" count="4" type="stmt"/>
      <line num="115" count="4" type="stmt"/>
      <line num="116" count="4" type="stmt"/>
      <line num="119" count="4" type="cond" truecount="2" falsecount="0"/>
      <line num="121" count="4" type="stmt"/>
      <line num="122" count="4" type="stmt"/>
      <line num="124" count="0" type="stmt"/>
      <line num="125" count="0" type="stmt"/>
      <line num="127" count="4" type="stmt"/>
      <line num="131" count="23" type="cond" truecount="0" falsecount="1"/>
      <line num="132" count="2" type="cond" truecount="1" falsecount="1"/>
      <line num="133" count="2" type="cond" truecount="1" falsecount="1"/>
      <line num="135" count="2" type="stmt"/>
      <line num="136" count="2" type="stmt"/>
      <line num="137" count="2" type="stmt"/>
      <line num="138" count="2" type="stmt"/>
      <line num="141" count="2" type="cond" truecount="1" falsecount="1"/>
      <line num="142" count="2" type="cond" truecount="1" falsecount="1"/>
      <line num="143" count="2" type="cond" truecount="1" falsecount="1"/>
      <line num="144" count="2" type="stmt"/>
      <line num="145" count="2" type="stmt"/>
      <line num="146" count="2" type="stmt"/>
      <line num="148" count="0" type="stmt"/>
      <line num="149" count="0" type="stmt"/>
      <line num="151" count="2" type="stmt"/>
      <line num="155" count="23" type="stmt"/>
      <line num="156" count="2" type="stmt"/>
      <line num="157" count="2" type="stmt"/>
      <line num="160" count="23" type="stmt"/>
      <line num="161" count="0" type="cond" truecount="0" falsecount="2"/>
      <line num="162" count="0" type="stmt"/>
      <line num="165" count="23" type="stmt"/>
      <line num="166" count="1" type="stmt"/>
      <line num="169" count="23" type="stmt"/>
      <line num="171" count="1" type="cond" truecount="3" falsecount="1"/>
      <line num="174" count="1" type="stmt"/>
      <line num="178" count="1" type="stmt"/>
      <line num="179" count="0" type="cond" truecount="0" falsecount="2"/>
      <line num="182" count="0" type="stmt"/>
      <line num="186" count="23" type="stmt"/>
      <line num="187" count="0" type="cond" truecount="0" falsecount="4"/>
      <line num="189" count="0" type="stmt"/>
      <line num="190" count="0" type="stmt"/>
      <line num="191" count="0" type="stmt"/>
      <line num="192" count="0" type="stmt"/>
      <line num="195" count="0" type="cond" truecount="0" falsecount="2"/>
      <line num="196" count="0" type="stmt"/>
      <line num="197" count="0" type="stmt"/>
      <line num="199" count="0" type="stmt"/>
      <line num="200" count="0" type="stmt"/>
      <line num="202" count="0" type="stmt"/>
      <line num="206" count="23" type="stmt"/>
      <line num="207" count="0" type="cond" truecount="0" falsecount="2"/>
      <line num="208" count="0" type="stmt"/>
      <line num="209" count="0" type="stmt"/>
      <line num="213" count="23" type="stmt"/>
      <line num="214" count="4" type="stmt"/>
      <line num="217" count="23" type="cond" truecount="1" falsecount="1"/>
      <line num="232" count="0" type="stmt"/>
      <line num="233" count="0" type="cond" truecount="0" falsecount="2"/>
      <line num="234" count="0" type="stmt"/>
      <line num="248" count="0" type="stmt"/>
      <line num="256" count="0" type="stmt"/>
      <line num="262" count="30" type="stmt"/>
      <line num="305" count="6" type="stmt"/>
      <line num="307" count="2" type="stmt"/>
      <line num="362" count="0" type="stmt"/>
      <line num="384" count="0" type="stmt"/>
      <line num="392" count="0" type="stmt"/>
      <line num="395" count="0" type="stmt"/>
      <line num="399" count="0" type="stmt"/>
      <line num="421" count="4" type="stmt"/>
      <line num="423" count="1" type="stmt"/>
    </file>
    <file name="IcebergGraphView.tsx" path="/usr/local/google/home/vadimzaripov/Dev/iceberg_explorer/components/IcebergGraphView.tsx">
      <metrics statements="22" coveredstatements="20" conditionals="9" coveredconditionals="5" methods="3" coveredmethods="3"/>
      <line num="3" count="1" type="stmt"/>
      <line num="4" count="1" type="stmt"/>
      <line num="6" count="1" type="stmt"/>
      <line num="7" count="1" type="stmt"/>
      <line num="51" count="1" type="stmt"/>
      <line num="52" count="3" type="stmt"/>
      <line num="53" count="3" type="stmt"/>
      <line num="54" count="3" type="stmt"/>
      <line num="56" count="3" type="stmt"/>
      <line num="57" count="1" type="stmt"/>
      <line num="60" count="3" type="stmt"/>
      <line num="61" count="1" type="stmt"/>
      <line num="62" count="1" type="stmt"/>
      <line num="63" count="1" type="stmt"/>
      <line num="65" count="1" type="stmt"/>
      <line num="72" count="1" type="stmt"/>
      <line num="74" count="0" type="stmt"/>
      <line num="75" count="0" type="cond" truecount="0" falsecount="3"/>
      <line num="77" count="1" type="stmt"/>
      <line num="81" count="3" type="cond" truecount="2" falsecount="0"/>
      <line num="90" count="2" type="cond" truecount="1" falsecount="1"/>
      <line num="107" count="2" type="cond" truecount="2" falsecount="0"/>
    </file>
    <file name="IcebergTree.tsx" path="/usr/local/google/home/vadimzaripov/Dev/iceberg_explorer/components/IcebergTree.tsx">
      <metrics statements="133" coveredstatements="96" conditionals="77" coveredconditionals="50" methods="38" coveredmethods="19"/>
      <line num="1" count="2" type="stmt"/>
      <line num="2" count="2" type="stmt"/>
      <line num="58" count="2" type="stmt"/>
      <line num="59" count="2" type="stmt"/>
      <line num="60" count="2" type="stmt"/>
      <line num="61" count="2" type="stmt"/>
      <line num="63" count="4" type="stmt"/>
      <line num="64" count="10" type="stmt"/>
      <line num="65" count="10" type="stmt"/>
      <line num="66" count="10" type="stmt"/>
      <line num="67" count="10" type="stmt"/>
      <line num="68" count="10" type="stmt"/>
      <line num="71" count="10" type="stmt"/>
      <line num="72" count="5" type="cond" truecount="1" falsecount="1"/>
      <line num="74" count="5" type="stmt"/>
      <line num="85" count="5" type="cond" truecount="4" falsecount="0"/>
      <line num="86" count="4" type="stmt"/>
      <line num="89" count="4" type="cond" truecount="2" falsecount="0"/>
      <line num="91" count="4" type="stmt"/>
      <line num="92" count="5" type="stmt"/>
      <line num="94" count="5" type="stmt"/>
      <line num="102" count="5" type="stmt"/>
      <line num="105" count="5" type="stmt"/>
      <line num="107" count="5" type="cond" truecount="2" falsecount="0"/>
      <line num="109" count="4" type="stmt"/>
      <line num="110" count="1" type="cond" truecount="1" falsecount="1"/>
      <line num="113" count="1" type="stmt"/>
      <line num="114" count="1" type="stmt"/>
      <line num="117" count="1" type="stmt"/>
      <line num="118" count="1" type="cond" truecount="2" falsecount="0"/>
      <line num="119" count="1" type="stmt"/>
      <line num="120" count="1" type="stmt"/>
      <line num="121" count="1" type="stmt"/>
      <line num="122" count="1" type="cond" truecount="1" falsecount="1"/>
      <line num="123" count="1" type="stmt"/>
      <line num="126" count="1" type="stmt"/>
      <line num="129" count="5" type="cond" truecount="3" falsecount="1"/>
      <line num="130" count="5" type="stmt"/>
      <line num="131" count="0" type="cond" truecount="0" falsecount="2"/>
      <line num="132" count="0" type="cond" truecount="0" falsecount="2"/>
      <line num="133" count="0" type="stmt"/>
      <line num="136" count="5" type="stmt"/>
      <line num="137" count="5" type="stmt"/>
      <line num="144" count="5" type="stmt"/>
      <line num="147" count="5" type="cond" truecount="1" falsecount="1"/>
      <line num="148" count="5" type="stmt"/>
      <line num="155" count="5" type="stmt"/>
      <line num="158" count="5" type="cond" truecount="1" falsecount="1"/>
      <line num="159" count="5" type="stmt"/>
      <line num="160" count="0" type="stmt"/>
      <line num="167" count="0" type="stmt"/>
      <line num="170" count="0" type="cond" truecount="0" falsecount="2"/>
      <line num="171" count="0" type="stmt"/>
      <line num="172" count="0" type="stmt"/>
      <line num="179" count="0" type="stmt"/>
      <line num="190" count="5" type="stmt"/>
      <line num="194" count="10" type="stmt"/>
      <line num="195" count="5" type="cond" truecount="1" falsecount="1"/>
      <line num="197" count="5" type="stmt"/>
      <line num="201" count="5" type="stmt"/>
      <line num="203" count="10" type="stmt"/>
      <line num="205" count="10" type="stmt"/>
      <line num="206" count="10" type="stmt"/>
      <line num="207" count="10" type="stmt"/>
      <line num="209" count="10" type="cond" truecount="5" falsecount="0"/>
      <line num="210" count="6" type="stmt"/>
      <line num="211" count="6" type="stmt"/>
      <line num="212" count="6" type="stmt"/>
      <line num="215" count="4" type="stmt"/>
      <line num="216" count="4" type="stmt"/>
      <line num="218" count="4" type="stmt"/>
      <line num="219" count="5" type="stmt"/>
      <line num="220" count="5" type="stmt"/>
      <line num="221" count="5" type="stmt"/>
      <line num="226" count="4" type="stmt"/>
      <line num="227" count="4" type="stmt"/>
      <line num="229" count="4" type="stmt"/>
      <line num="232" count="4" type="stmt"/>
      <line num="235" count="5" type="stmt"/>
      <line num="236" count="5" type="stmt"/>
      <line num="240" count="10" type="stmt"/>
      <line num="241" count="5" type="cond" truecount="1" falsecount="1"/>
      <line num="242" count="10" type="cond" truecount="1" falsecount="1"/>
      <line num="243" count="5" type="stmt"/>
      <line num="244" count="5" type="stmt"/>
      <line num="245" count="5" type="stmt"/>
      <line num="246" count="5" type="stmt"/>
      <line num="248" count="5" type="stmt"/>
      <line num="256" count="10" type="stmt"/>
      <line num="257" count="0" type="cond" truecount="0" falsecount="4"/>
      <line num="258" count="0" type="stmt"/>
      <line num="259" count="0" type="stmt"/>
      <line num="260" count="0" type="stmt"/>
      <line num="265" count="0" type="stmt"/>
      <line num="273" count="10" type="stmt"/>
      <line num="274" count="0" type="stmt"/>
      <line num="275" count="0" type="stmt"/>
      <line num="278" count="10" type="stmt"/>
      <line num="279" count="0" type="cond" truecount="0" falsecount="2"/>
      <line num="280" count="0" type="stmt"/>
      <line num="281" count="0" type="stmt"/>
      <line num="282" count="0" type="stmt"/>
      <line num="283" count="0" type="stmt"/>
      <line num="287" count="10" type="stmt"/>
      <line num="288" count="0" type="stmt"/>
      <line num="291" count="10" type="stmt"/>
      <line num="292" count="0" type="stmt"/>
      <line num="293" count="0" type="cond" truecount="0" falsecount="2"/>
      <line num="294" count="0" type="stmt"/>
      <line num="296" count="0" type="stmt"/>
      <line num="298" count="0" type="stmt"/>
      <line num="301" count="10" type="stmt"/>
      <line num="302" count="0" type="stmt"/>
      <line num="303" count="0" type="stmt"/>
      <line num="304" count="0" type="stmt"/>
      <line num="305" count="0" type="stmt"/>
      <line num="307" count="0" type="cond" truecount="0" falsecount="2"/>
      <line num="308" count="0" type="stmt"/>
      <line num="311" count="10" type="stmt"/>
      <line num="312" count="0" type="stmt"/>
      <line num="316" count="10" type="stmt"/>
      <line num="317" count="20" type="stmt"/>
      <line num="326" count="10" type="cond" truecount="2" falsecount="0"/>
      <line num="378" count="1" type="stmt"/>
      <line num="387" count="0" type="stmt"/>
      <line num="388" count="0" type="stmt"/>
      <line num="402" count="20" type="cond" truecount="4" falsecount="0"/>
      <line num="403" count="10" type="stmt"/>
      <line num="407" count="12" type="stmt"/>
      <line num="408" count="10" type="cond" truecount="6" falsecount="1"/>
      <line num="410" count="10" type="stmt"/>
      <line num="424" count="20" type="stmt"/>
      <line num="427" count="0" type="stmt"/>
    </file>
    <file name="MetadataView.tsx" path="/usr/local/google/home/vadimzaripov/Dev/iceberg_explorer/components/MetadataView.tsx">
      <metrics statements="14" coveredstatements="14" conditionals="4" coveredconditionals="3" methods="6" coveredmethods="6"/>
      <line num="4" count="1" type="stmt"/>
      <line num="10" count="1" type="stmt"/>
      <line num="11" count="1" type="stmt"/>
      <line num="12" count="1" type="cond" truecount="1" falsecount="1"/>
      <line num="13" count="1" type="stmt"/>
      <line num="14" count="1" type="stmt"/>
      <line num="15" count="1" type="stmt"/>
      <line num="16" count="1" type="stmt"/>
      <line num="19" count="1" type="stmt"/>
      <line num="20" count="1" type="stmt"/>
      <line num="23" count="1" type="stmt"/>
      <line num="24" count="1" type="stmt"/>
      <line num="92" count="1" type="stmt"/>
      <line num="106" count="1" type="stmt"/>
    </file>
    <file name="PartitionView.tsx" path="/usr/local/google/home/vadimzaripov/Dev/iceberg_explorer/components/PartitionView.tsx">
      <metrics statements="20" coveredstatements="14" conditionals="13" coveredconditionals="8" methods="10" coveredmethods="8"/>
      <line num="4" count="1" type="stmt"/>
      <line num="10" count="1" type="stmt"/>
      <line num="11" count="1" type="stmt"/>
      <line num="14" count="1" type="stmt"/>
      <line num="16" count="1" type="stmt"/>
      <line num="17" count="1" type="stmt"/>
      <line num="18" count="1" type="cond" truecount="1" falsecount="1"/>
      <line num="19" count="0" type="stmt"/>
      <line num="20" count="0" type="stmt"/>
      <line num="21" count="0" type="stmt"/>
      <line num="22" count="0" type="stmt"/>
      <line num="24" count="1" type="stmt"/>
      <line num="33" count="1" type="stmt"/>
      <line num="37" count="0" type="stmt"/>
      <line num="42" count="1" type="stmt"/>
      <line num="49" count="1" type="stmt"/>
      <line num="54" count="1" type="stmt"/>
      <line num="143" count="0" type="stmt"/>
      <line num="149" count="1" type="stmt"/>
      <line num="165" count="1" type="stmt"/>
    </file>
    <file name="SampleDataView.tsx" path="/usr/local/google/home/vadimzaripov/Dev/iceberg_explorer/components/SampleDataView.tsx">
      <metrics statements="37" coveredstatements="28" conditionals="37" coveredconditionals="24" methods="8" coveredmethods="7"/>
      <line num="3" count="1" type="stmt"/>
      <line num="4" count="1" type="stmt"/>
      <line num="6" count="1" type="stmt"/>
      <line num="13" count="1" type="stmt"/>
      <line num="14" count="3" type="stmt"/>
      <line num="15" count="3" type="stmt"/>
      <line num="16" count="3" type="stmt"/>
      <line num="17" count="3" type="stmt"/>
      <line num="19" count="3" type="stmt"/>
      <line num="20" count="1" type="cond" truecount="3" falsecount="1"/>
      <line num="21" count="1" type="stmt"/>
      <line num="25" count="3" type="stmt"/>
      <line num="26" count="1" type="stmt"/>
      <line num="27" count="1" type="stmt"/>
      <line num="28" count="1" type="stmt"/>
      <line num="29" count="1" type="stmt"/>
      <line num="34" count="1" type="cond" truecount="1" falsecount="1"/>
      <line num="35" count="1" type="stmt"/>
      <line num="37" count="1" type="cond" truecount="1" falsecount="1"/>
      <line num="38" count="0" type="stmt"/>
      <line num="40" count="1" type="stmt"/>
      <line num="41" count="1" type="stmt"/>
      <line num="43" count="0" type="stmt"/>
      <line num="44" count="0" type="cond" truecount="0" falsecount="5"/>
      <line num="45" count="0" type="stmt"/>
      <line num="46" count="0" type="cond" truecount="0" falsecount="2"/>
      <line num="47" count="0" type="stmt"/>
      <line num="50" count="0" type="stmt"/>
      <line num="51" count="0" type="stmt"/>
      <line num="53" count="1" type="stmt"/>
      <line num="57" count="3" type="cond" truecount="4" falsecount="0"/>
      <line num="65" count="2" type="cond" truecount="1" falsecount="1"/>
      <line num="89" count="0" type="cond" truecount="0" falsecount="2"/>
      <line num="94" count="2" type="stmt"/>
      <line num="116" count="2" type="stmt"/>
      <line num="127" count="1" type="stmt"/>
      <line num="129" count="2" type="stmt"/>
    </file>
    <file name="SchemaView.tsx" path="/usr/local/google/home/vadimzaripov/Dev/iceberg_explorer/components/SchemaView.tsx">
      <metrics statements="7" coveredstatements="4" conditionals="9" coveredconditionals="5" methods="5" coveredmethods="3"/>
      <line num="9" count="1" type="stmt"/>
      <line num="10" count="1" type="cond" truecount="0" falsecount="1"/>
      <line num="11" count="0" type="stmt"/>
      <line num="12" count="0" type="stmt"/>
      <line num="58" count="2" type="stmt"/>
      <line num="92" count="1" type="stmt"/>
      <line num="116" count="0" type="stmt"/>
    </file>
    <file name="SnapshotComparisonView.tsx" path="/usr/local/google/home/vadimzaripov/Dev/iceberg_explorer/components/SnapshotComparisonView.tsx">
      <metrics statements="58" coveredstatements="43" conditionals="89" coveredconditionals="48" methods="14" coveredmethods="8"/>
      <line num="3" count="1" type="stmt"/>
      <line num="4" count="1" type="stmt"/>
      <line num="6" count="1" type="stmt"/>
      <line num="13" count="1" type="stmt"/>
      <line num="14" count="4" type="stmt"/>
      <line num="15" count="4" type="stmt"/>
      <line num="16" count="4" type="stmt"/>
      <line num="17" count="4" type="stmt"/>
      <line num="18" count="4" type="stmt"/>
      <line num="20" count="4" type="stmt"/>
      <line num="21" count="1" type="cond" truecount="4" falsecount="1"/>
      <line num="23" count="1" type="stmt"/>
      <line num="24" count="0" type="stmt"/>
      <line num="27" count="1" type="cond" truecount="1" falsecount="1"/>
      <line num="28" count="0" type="cond" truecount="0" falsecount="2"/>
      <line num="29" count="0" type="cond" truecount="0" falsecount="2"/>
      <line num="30" count="1" type="cond" truecount="1" falsecount="1"/>
      <line num="31" count="1" type="stmt"/>
      <line num="32" count="1" type="cond" truecount="1" falsecount="1"/>
      <line num="37" count="4" type="stmt"/>
      <line num="39" count="2" type="cond" truecount="4" falsecount="0"/>
      <line num="40" count="1" type="stmt"/>
      <line num="44" count="4" type="stmt"/>
      <line num="45" count="1" type="cond" truecount="1" falsecount="1"/>
      <line num="47" count="1" type="stmt"/>
      <line num="48" count="1" type="stmt"/>
      <line num="49" count="1" type="stmt"/>
      <line num="56" count="1" type="stmt"/>
      <line num="62" count="1" type="cond" truecount="1" falsecount="1"/>
      <line num="63" count="1" type="stmt"/>
      <line num="65" count="1" type="stmt"/>
      <line num="66" count="1" type="stmt"/>
      <line num="68" count="0" type="stmt"/>
      <line num="69" count="0" type="cond" truecount="0" falsecount="5"/>
      <line num="70" count="0" type="stmt"/>
      <line num="71" count="0" type="cond" truecount="0" falsecount="2"/>
      <line num="72" count="0" type="stmt"/>
      <line num="75" count="0" type="stmt"/>
      <line num="76" count="0" type="stmt"/>
      <line num="78" count="1" type="stmt"/>
      <line num="82" count="4" type="stmt"/>
      <line num="83" count="3" type="cond" truecount="2" falsecount="0"/>
      <line num="84" count="2" type="stmt"/>
      <line num="85" count="2" type="stmt"/>
      <line num="86" count="2" type="stmt"/>
      <line num="87" count="2" type="stmt"/>
      <line num="90" count="4" type="stmt"/>
      <line num="91" count="4" type="stmt"/>
      <line num="94" count="4" type="cond" truecount="4" falsecount="0"/>
      <line num="102" count="3" type="cond" truecount="1" falsecount="1"/>
      <line num="111" count="3" type="cond" truecount="4" falsecount="1"/>
      <line num="126" count="0" type="cond" truecount="0" falsecount="2"/>
      <line num="131" count="3" type="stmt"/>
      <line num="142" count="0" type="cond" truecount="0" falsecount="2"/>
      <line num="146" count="3" type="stmt"/>
      <line num="242" count="0" type="stmt"/>
      <line num="261" count="0" type="stmt"/>
      <line num="280" count="0" type="stmt"/>
    </file>
    <file name="StatsView.tsx" path="/usr/local/google/home/vadimzaripov/Dev/iceberg_explorer/components/StatsView.tsx">
      <metrics statements="25" coveredstatements="24" conditionals="13" coveredconditionals="10" methods="11" coveredmethods="10"/>
      <line num="4" count="1" type="stmt"/>
      <line num="10" count="1" type="stmt"/>
      <line num="11" count="1" type="stmt"/>
      <line num="12" count="4" type="cond" truecount="1" falsecount="1"/>
      <line num="13" count="4" type="stmt"/>
      <line num="14" count="4" type="stmt"/>
      <line num="15" count="4" type="stmt"/>
      <line num="16" count="4" type="stmt"/>
      <line num="20" count="1" type="stmt"/>
      <line num="21" count="1" type="stmt"/>
      <line num="22" count="1" type="stmt"/>
      <line num="23" count="1" type="stmt"/>
      <line num="26" count="1" type="stmt"/>
      <line num="33" count="1" type="stmt"/>
      <line num="34" count="1" type="stmt"/>
      <line num="35" count="1" type="cond" truecount="3" falsecount="1"/>
      <line num="36" count="1" type="stmt"/>
      <line num="37" count="1" type="stmt"/>
      <line num="43" count="1" type="stmt"/>
      <line num="51" count="1" type="stmt"/>
      <line num="52" count="0" type="stmt"/>
      <line num="54" count="1" type="stmt"/>
      <line num="168" count="1" type="stmt"/>
      <line num="174" count="1" type="stmt"/>
      <line num="180" count="1" type="stmt"/>
    </file>
    <file name="TableAnalyzer.tsx" path="/usr/local/google/home/vadimzaripov/Dev/iceberg_explorer/components/TableAnalyzer.tsx">
      <metrics statements="42" coveredstatements="37" conditionals="39" coveredconditionals="31" methods="10" coveredmethods="5"/>
      <line num="3" count="1" type="stmt"/>
      <line num="4" count="1" type="stmt"/>
      <line num="6" count="1" type="stmt"/>
      <line num="7" count="1" type="stmt"/>
      <line num="8" count="1" type="stmt"/>
      <line num="9" count="1" type="stmt"/>
      <line num="10" count="1" type="stmt"/>
      <line num="11" count="1" type="stmt"/>
      <line num="12" count="1" type="stmt"/>
      <line num="13" count="1" type="stmt"/>
      <line num="19" count="5" type="stmt"/>
      <line num="20" count="19" type="stmt"/>
      <line num="21" count="19" type="stmt"/>
      <line num="22" count="19" type="stmt"/>
      <line num="23" count="19" type="stmt"/>
      <line num="25" count="19" type="stmt"/>
      <line num="26" count="5" type="cond" truecount="1" falsecount="1"/>
      <line num="27" count="5" type="stmt"/>
      <line num="31" count="19" type="stmt"/>
      <line num="32" count="6" type="stmt"/>
      <line num="33" count="6" type="stmt"/>
      <line num="34" count="6" type="stmt"/>
      <line num="35" count="6" type="stmt"/>
      <line num="39" count="6" type="cond" truecount="1" falsecount="1"/>
      <line num="40" count="6" type="stmt"/>
      <line num="42" count="6" type="stmt"/>
      <line num="43" count="5" type="stmt"/>
      <line num="46" count="1" type="stmt"/>
      <line num="47" count="1" type="cond" truecount="4" falsecount="1"/>
      <line num="48" count="1" type="stmt"/>
      <line num="49" count="1" type="cond" truecount="1" falsecount="1"/>
      <line num="50" count="1" type="stmt"/>
      <line num="53" count="1" type="stmt"/>
      <line num="54" count="1" type="stmt"/>
      <line num="56" count="6" type="stmt"/>
      <line num="66" count="0" type="stmt"/>
      <line num="77" count="1" type="stmt"/>
      <line num="88" count="0" type="stmt"/>
      <line num="99" count="0" type="stmt"/>
      <line num="110" count="0" type="stmt"/>
      <line num="121" count="0" type="stmt"/>
      <line num="132" count="1" type="stmt"/>
    </file>
  </project>
</coverage>
