TN:
SF:components/AuthProvider.tsx
FN:5,AuthProvider
FNF:1
FNH:1
FNDA:1,AuthProvider
DA:3,1
DA:5,1
LF:2
LH:2
BRF:0
BRH:0
end_of_record
TN:
SF:components/BucketBrowser.tsx
FN:19,BucketBrowser
FN:42,(anonymous_3)
FN:46,(anonymous_4)
FN:56,(anonymous_5)
FN:105,(anonymous_6)
FN:131,(anonymous_7)
FN:155,(anonymous_8)
FN:160,(anonymous_9)
FN:165,(anonymous_10)
FN:169,(anonymous_11)
FN:186,(anonymous_12)
FN:206,(anonymous_13)
FN:213,(anonymous_14)
FN:231,(anonymous_15)
FN:248,(anonymous_16)
FN:256,(anonymous_17)
FN:261,(anonymous_18)
FN:304,(anonymous_19)
FN:307,(anonymous_20)
FN:362,(anonymous_21)
FN:384,(anonymous_22)
FN:391,(anonymous_23)
FN:394,(anonymous_24)
FN:420,(anonymous_25)
FN:423,(anonymous_26)
FNF:25
FNH:15
FNDA:23,BucketBrowser
FNDA:4,(anonymous_3)
FNDA:8,(anonymous_4)
FNDA:4,(anonymous_5)
FNDA:4,(anonymous_6)
FNDA:2,(anonymous_7)
FNDA:2,(anonymous_8)
FNDA:0,(anonymous_9)
FNDA:1,(anonymous_10)
FNDA:1,(anonymous_11)
FNDA:0,(anonymous_12)
FNDA:0,(anonymous_13)
FNDA:4,(anonymous_14)
FNDA:0,(anonymous_15)
FNDA:0,(anonymous_16)
FNDA:0,(anonymous_17)
FNDA:30,(anonymous_18)
FNDA:6,(anonymous_19)
FNDA:2,(anonymous_20)
FNDA:0,(anonymous_21)
FNDA:0,(anonymous_22)
FNDA:0,(anonymous_23)
FNDA:0,(anonymous_24)
FNDA:4,(anonymous_25)
FNDA:1,(anonymous_26)
DA:3,1
DA:4,1
DA:6,1
DA:19,4
DA:24,23
DA:25,23
DA:26,23
DA:27,23
DA:28,23
DA:29,23
DA:30,23
DA:31,23
DA:32,23
DA:33,23
DA:34,23
DA:35,23
DA:36,23
DA:37,23
DA:38,23
DA:39,23
DA:40,23
DA:42,23
DA:43,4
DA:46,23
DA:47,8
DA:48,8
DA:49,4
DA:51,4
DA:52,4
DA:56,23
DA:57,4
DA:58,4
DA:59,4
DA:60,4
DA:61,4
DA:62,4
DA:65,4
DA:66,0
DA:68,4
DA:69,0
DA:73,4
DA:74,4
DA:77,0
DA:78,0
DA:79,0
DA:80,0
DA:81,0
DA:82,0
DA:83,0
DA:84,0
DA:85,0
DA:86,0
DA:87,0
DA:89,0
DA:91,0
DA:92,0
DA:93,0
DA:95,0
DA:98,0
DA:99,0
DA:101,4
DA:105,23
DA:106,4
DA:107,4
DA:108,0
DA:109,0
DA:110,0
DA:113,4
DA:114,4
DA:115,4
DA:116,4
DA:119,4
DA:121,4
DA:122,4
DA:124,0
DA:125,0
DA:127,4
DA:131,23
DA:132,2
DA:133,2
DA:135,2
DA:136,2
DA:137,2
DA:138,2
DA:141,2
DA:142,2
DA:143,2
DA:144,2
DA:145,2
DA:146,2
DA:148,0
DA:149,0
DA:151,2
DA:155,23
DA:156,2
DA:157,2
DA:160,23
DA:161,0
DA:162,0
DA:165,23
DA:166,1
DA:169,23
DA:171,1
DA:174,1
DA:178,1
DA:179,0
DA:182,0
DA:186,23
DA:187,0
DA:189,0
DA:190,0
DA:191,0
DA:192,0
DA:195,0
DA:196,0
DA:197,0
DA:199,0
DA:200,0
DA:202,0
DA:206,23
DA:207,0
DA:208,0
DA:209,0
DA:213,23
DA:214,4
DA:217,23
DA:232,0
DA:233,0
DA:234,0
DA:248,0
DA:256,0
DA:262,30
DA:305,6
DA:307,2
DA:362,0
DA:384,0
DA:392,0
DA:395,0
DA:399,0
DA:421,4
DA:423,1
LF:141
LH:86
BRDA:47,0,0,0
BRDA:47,0,1,8
BRDA:48,1,0,4
BRDA:48,1,1,4
BRDA:61,2,0,4
BRDA:61,2,1,0
BRDA:65,3,0,0
BRDA:65,3,1,4
BRDA:66,4,0,0
BRDA:66,4,1,0
BRDA:68,5,0,0
BRDA:68,5,1,4
BRDA:73,6,0,4
BRDA:73,6,1,0
BRDA:73,7,0,4
BRDA:73,7,1,4
BRDA:78,8,0,0
BRDA:78,8,1,0
BRDA:78,9,0,0
BRDA:78,9,1,0
BRDA:78,9,2,0
BRDA:80,10,0,0
BRDA:80,10,1,0
BRDA:82,11,0,0
BRDA:82,11,1,0
BRDA:83,12,0,0
BRDA:83,12,1,0
BRDA:84,13,0,0
BRDA:84,13,1,0
BRDA:86,14,0,0
BRDA:86,14,1,0
BRDA:89,15,0,0
BRDA:89,15,1,0
BRDA:91,16,0,0
BRDA:91,16,1,0
BRDA:92,17,0,0
BRDA:92,17,1,0
BRDA:92,18,0,0
BRDA:92,18,1,0
BRDA:106,19,0,0
BRDA:106,19,1,4
BRDA:107,20,0,0
BRDA:107,20,1,4
BRDA:119,21,0,4
BRDA:119,21,1,1
BRDA:131,22,0,0
BRDA:132,23,0,0
BRDA:132,23,1,2
BRDA:133,24,0,0
BRDA:133,24,1,2
BRDA:141,25,0,2
BRDA:141,25,1,0
BRDA:142,26,0,2
BRDA:142,26,1,0
BRDA:143,27,0,2
BRDA:143,27,1,0
BRDA:161,28,0,0
BRDA:161,28,1,0
BRDA:171,29,0,1
BRDA:171,29,1,0
BRDA:171,30,0,1
BRDA:171,30,1,1
BRDA:176,31,0,1
BRDA:176,31,1,0
BRDA:179,32,0,0
BRDA:179,32,1,0
BRDA:187,33,0,0
BRDA:187,33,1,0
BRDA:187,34,0,0
BRDA:187,34,1,0
BRDA:195,35,0,0
BRDA:195,35,1,0
BRDA:207,36,0,0
BRDA:207,36,1,0
BRDA:217,37,0,0
BRDA:217,37,1,23
BRDA:233,38,0,0
BRDA:233,38,1,0
BRDA:245,39,0,0
BRDA:269,40,0,23
BRDA:269,40,1,15
BRDA:271,41,0,15
BRDA:271,41,1,0
BRDA:272,42,0,15
BRDA:280,43,0,19
BRDA:285,44,0,4
BRDA:290,45,0,0
BRDA:295,46,0,8
BRDA:295,46,1,7
BRDA:299,47,0,4
BRDA:299,47,1,3
BRDA:324,48,0,4
BRDA:334,49,0,4
BRDA:339,50,0,4
BRDA:339,50,1,4
BRDA:343,51,0,0
BRDA:368,52,0,2
BRDA:372,53,0,0
BRDA:377,54,0,2
BRDA:377,54,1,0
BRDA:381,55,0,0
BRDA:381,55,1,0
BRDA:397,56,0,0
BRDA:397,56,1,0
BRDA:419,57,0,2
BRDA:425,58,0,2
BRDA:425,58,1,2
BRDA:431,59,0,2
BRDA:453,60,0,0
BRDA:453,60,1,0
BRF:110
BRH:43
end_of_record
TN:
SF:components/IcebergGraphView.tsx
FN:51,IcebergGraphView
FN:56,(anonymous_3)
FN:60,(anonymous_4)
FNF:3
FNH:3
FNDA:3,IcebergGraphView
FNDA:1,(anonymous_3)
FNDA:1,(anonymous_4)
DA:3,1
DA:4,1
DA:6,1
DA:7,1
DA:51,1
DA:52,3
DA:53,3
DA:54,3
DA:56,3
DA:57,1
DA:60,3
DA:61,1
DA:62,1
DA:63,1
DA:65,1
DA:72,1
DA:74,0
DA:75,0
DA:77,1
DA:81,3
DA:90,2
DA:107,2
LF:22
LH:20
BRDA:75,0,0,0
BRDA:75,0,1,0
BRDA:75,0,2,0
BRDA:81,1,0,1
BRDA:81,1,1,2
BRDA:90,2,0,0
BRDA:90,2,1,2
BRDA:107,3,0,1
BRDA:107,3,1,1
BRF:9
BRH:5
end_of_record
TN:
SF:components/IcebergTree.tsx
FN:63,IcebergTree
FN:71,(anonymous_5)
FN:86,(anonymous_6)
FN:91,(anonymous_7)
FN:120,(anonymous_8)
FN:126,(anonymous_9)
FN:130,(anonymous_10)
FN:136,(anonymous_11)
FN:159,(anonymous_12)
FN:171,(anonymous_13)
FN:194,(anonymous_14)
FN:201,(anonymous_15)
FN:218,(anonymous_16)
FN:240,(anonymous_17)
FN:242,(anonymous_18)
FN:248,(anonymous_19)
FN:256,(anonymous_20)
FN:260,(anonymous_21)
FN:265,(anonymous_22)
FN:273,(anonymous_23)
FN:278,(anonymous_24)
FN:282,(anonymous_25)
FN:287,(anonymous_26)
FN:291,(anonymous_27)
FN:301,(anonymous_28)
FN:303,(anonymous_29)
FN:311,(anonymous_30)
FN:316,(anonymous_31)
FN:378,(anonymous_32)
FN:387,(anonymous_33)
FN:387,(anonymous_34)
FN:388,(anonymous_35)
FN:388,(anonymous_36)
FN:401,(anonymous_37)
FN:403,(anonymous_38)
FN:407,(anonymous_39)
FN:423,(anonymous_40)
FN:427,(anonymous_41)
FNF:38
FNH:19
FNDA:10,IcebergTree
FNDA:5,(anonymous_5)
FNDA:2,(anonymous_6)
FNDA:5,(anonymous_7)
FNDA:1,(anonymous_8)
FNDA:1,(anonymous_9)
FNDA:0,(anonymous_10)
FNDA:5,(anonymous_11)
FNDA:0,(anonymous_12)
FNDA:0,(anonymous_13)
FNDA:5,(anonymous_14)
FNDA:10,(anonymous_15)
FNDA:5,(anonymous_16)
FNDA:5,(anonymous_17)
FNDA:10,(anonymous_18)
FNDA:5,(anonymous_19)
FNDA:0,(anonymous_20)
FNDA:0,(anonymous_21)
FNDA:0,(anonymous_22)
FNDA:0,(anonymous_23)
FNDA:0,(anonymous_24)
FNDA:0,(anonymous_25)
FNDA:0,(anonymous_26)
FNDA:0,(anonymous_27)
FNDA:0,(anonymous_28)
FNDA:0,(anonymous_29)
FNDA:0,(anonymous_30)
FNDA:20,(anonymous_31)
FNDA:1,(anonymous_32)
FNDA:0,(anonymous_33)
FNDA:0,(anonymous_34)
FNDA:0,(anonymous_35)
FNDA:0,(anonymous_36)
FNDA:20,(anonymous_37)
FNDA:10,(anonymous_38)
FNDA:12,(anonymous_39)
FNDA:20,(anonymous_40)
FNDA:0,(anonymous_41)
DA:1,2
DA:2,2
DA:58,2
DA:59,2
DA:60,2
DA:61,2
DA:63,4
DA:64,10
DA:65,10
DA:66,10
DA:67,10
DA:68,10
DA:71,10
DA:72,5
DA:74,5
DA:85,5
DA:86,4
DA:89,4
DA:91,4
DA:92,5
DA:94,5
DA:102,5
DA:105,5
DA:107,5
DA:109,4
DA:110,1
DA:113,1
DA:114,1
DA:117,1
DA:118,1
DA:119,1
DA:120,1
DA:121,1
DA:122,1
DA:123,1
DA:126,1
DA:129,5
DA:130,5
DA:131,0
DA:132,0
DA:133,0
DA:136,5
DA:137,5
DA:144,5
DA:147,5
DA:148,5
DA:155,5
DA:158,5
DA:159,5
DA:160,0
DA:167,0
DA:170,0
DA:171,0
DA:172,0
DA:179,0
DA:190,5
DA:194,10
DA:195,5
DA:197,5
DA:201,5
DA:203,10
DA:205,10
DA:206,10
DA:207,10
DA:209,10
DA:210,6
DA:211,6
DA:212,6
DA:215,4
DA:216,4
DA:218,4
DA:219,5
DA:220,5
DA:221,5
DA:226,4
DA:227,4
DA:229,4
DA:232,4
DA:235,5
DA:236,5
DA:240,10
DA:241,5
DA:242,10
DA:243,5
DA:244,5
DA:245,5
DA:246,5
DA:248,5
DA:256,10
DA:257,0
DA:258,0
DA:259,0
DA:260,0
DA:265,0
DA:273,10
DA:274,0
DA:275,0
DA:278,10
DA:279,0
DA:280,0
DA:281,0
DA:282,0
DA:283,0
DA:287,10
DA:288,0
DA:291,10
DA:292,0
DA:293,0
DA:294,0
DA:296,0
DA:298,0
DA:301,10
DA:302,0
DA:303,0
DA:304,0
DA:305,0
DA:307,0
DA:308,0
DA:311,10
DA:312,0
DA:316,10
DA:317,20
DA:326,10
DA:378,1
DA:387,0
DA:388,0
DA:402,20
DA:403,10
DA:407,12
DA:408,10
DA:410,10
DA:424,20
DA:427,0
LF:133
LH:96
BRDA:72,0,0,0
BRDA:72,0,1,5
BRDA:85,1,0,4
BRDA:85,1,1,1
BRDA:85,2,0,5
BRDA:85,2,1,5
BRDA:89,3,0,1
BRDA:89,3,1,3
BRDA:107,4,0,4
BRDA:107,4,1,1
BRDA:110,5,0,1
BRDA:110,5,1,0
BRDA:118,6,0,2
BRDA:118,6,1,1
BRDA:122,7,0,0
BRDA:122,7,1,1
BRDA:129,8,0,5
BRDA:129,8,1,0
BRDA:129,9,0,5
BRDA:129,9,1,5
BRDA:131,10,0,0
BRDA:131,10,1,0
BRDA:132,11,0,0
BRDA:132,11,1,0
BRDA:141,12,0,5
BRDA:141,12,1,0
BRDA:147,13,0,5
BRDA:147,13,1,0
BRDA:158,14,0,5
BRDA:158,14,1,0
BRDA:170,15,0,0
BRDA:170,15,1,0
BRDA:195,16,0,0
BRDA:195,16,1,5
BRDA:209,17,0,6
BRDA:209,17,1,4
BRDA:209,18,0,10
BRDA:209,18,1,5
BRDA:209,18,2,5
BRDA:241,19,0,5
BRDA:241,19,1,0
BRDA:242,20,0,10
BRDA:242,20,1,0
BRDA:257,21,0,0
BRDA:257,21,1,0
BRDA:257,22,0,0
BRDA:257,22,1,0
BRDA:279,23,0,0
BRDA:279,23,1,0
BRDA:293,24,0,0
BRDA:293,24,1,0
BRDA:307,25,0,0
BRDA:307,25,1,0
BRDA:326,26,0,2
BRDA:326,26,1,8
BRDA:379,27,0,2
BRDA:379,27,1,8
BRDA:381,28,0,2
BRDA:381,28,1,8
BRDA:402,29,0,10
BRDA:402,29,1,10
BRDA:402,30,0,20
BRDA:402,30,1,20
BRDA:408,31,0,0
BRDA:408,31,1,10
BRDA:408,32,0,10
BRDA:408,32,1,10
BRDA:408,32,2,10
BRDA:408,32,3,10
BRDA:408,32,4,10
BRDA:436,33,0,20
BRDA:441,34,0,20
BRDA:441,34,1,20
BRDA:451,35,0,20
BRDA:451,35,1,20
BRDA:460,36,0,8
BRDA:460,36,1,10
BRF:77
BRH:50
end_of_record
TN:
SF:components/MetadataView.tsx
FN:10,MetadataView
FN:11,(anonymous_2)
FN:20,(anonymous_3)
FN:24,(anonymous_4)
FN:91,(anonymous_5)
FN:105,(anonymous_6)
FNF:6
FNH:6
FNDA:1,MetadataView
FNDA:1,(anonymous_2)
FNDA:1,(anonymous_3)
FNDA:1,(anonymous_4)
FNDA:1,(anonymous_5)
FNDA:1,(anonymous_6)
DA:4,1
DA:10,1
DA:11,1
DA:12,1
DA:13,1
DA:14,1
DA:15,1
DA:16,1
DA:19,1
DA:20,1
DA:23,1
DA:24,1
DA:92,1
DA:106,1
LF:14
LH:14
BRDA:12,0,0,0
BRDA:12,0,1,1
BRDA:87,1,0,1
BRDA:101,2,0,1
BRF:4
BRH:3
end_of_record
TN:
SF:components/PartitionView.tsx
FN:10,PartitionView
FN:11,(anonymous_2)
FN:16,(anonymous_3)
FN:33,(anonymous_4)
FN:37,(anonymous_5)
FN:42,(anonymous_6)
FN:49,(anonymous_7)
FN:143,(anonymous_8)
FN:148,(anonymous_9)
FN:164,(anonymous_10)
FNF:10
FNH:8
FNDA:1,PartitionView
FNDA:1,(anonymous_2)
FNDA:1,(anonymous_3)
FNDA:1,(anonymous_4)
FNDA:0,(anonymous_5)
FNDA:1,(anonymous_6)
FNDA:1,(anonymous_7)
FNDA:0,(anonymous_8)
FNDA:1,(anonymous_9)
FNDA:1,(anonymous_10)
DA:4,1
DA:10,1
DA:11,1
DA:14,1
DA:16,1
DA:17,1
DA:18,1
DA:19,0
DA:20,0
DA:21,0
DA:22,0
DA:24,1
DA:33,1
DA:37,0
DA:42,1
DA:49,1
DA:54,1
DA:143,0
DA:149,1
DA:165,1
LF:20
LH:14
BRDA:18,0,0,0
BRDA:18,0,1,1
BRDA:43,1,0,0
BRDA:43,1,1,1
BRDA:50,2,0,0
BRDA:50,2,1,1
BRDA:72,3,0,1
BRDA:72,3,1,0
BRDA:78,4,0,1
BRDA:78,4,1,0
BRDA:86,5,0,1
BRDA:170,6,0,1
BRDA:170,6,1,1
BRF:13
BRH:8
end_of_record
TN:
SF:components/SampleDataView.tsx
FN:13,SampleDataView
FN:19,(anonymous_3)
FN:25,(anonymous_4)
FN:89,(anonymous_5)
FN:93,(anonymous_6)
FN:115,(anonymous_7)
FN:126,(anonymous_8)
FN:128,(anonymous_9)
FNF:8
FNH:7
FNDA:3,SampleDataView
FNDA:1,(anonymous_3)
FNDA:1,(anonymous_4)
FNDA:0,(anonymous_5)
FNDA:2,(anonymous_6)
FNDA:2,(anonymous_7)
FNDA:1,(anonymous_8)
FNDA:2,(anonymous_9)
DA:3,1
DA:4,1
DA:6,1
DA:13,1
DA:14,3
DA:15,3
DA:16,3
DA:17,3
DA:19,3
DA:20,1
DA:21,1
DA:25,3
DA:26,1
DA:27,1
DA:28,1
DA:29,1
DA:34,1
DA:35,1
DA:37,1
DA:38,0
DA:40,1
DA:41,1
DA:43,0
DA:44,0
DA:45,0
DA:46,0
DA:47,0
DA:50,0
DA:51,0
DA:53,1
DA:57,3
DA:65,2
DA:89,0
DA:94,2
DA:116,2
DA:127,1
DA:129,2
LF:37
LH:28
BRDA:20,0,0,1
BRDA:20,0,1,0
BRDA:20,1,0,1
BRDA:20,1,1,1
BRDA:34,2,0,1
BRDA:34,2,1,0
BRDA:37,3,0,0
BRDA:37,3,1,1
BRDA:44,4,0,0
BRDA:44,4,1,0
BRDA:44,5,0,0
BRDA:44,5,1,0
BRDA:44,5,2,0
BRDA:46,6,0,0
BRDA:46,6,1,0
BRDA:57,7,0,1
BRDA:57,7,1,2
BRDA:57,8,0,3
BRDA:57,8,1,1
BRDA:65,9,0,0
BRDA:65,9,1,2
BRDA:79,10,0,2
BRDA:86,11,0,2
BRDA:86,11,1,2
BRDA:86,11,2,2
BRDA:88,12,0,2
BRDA:88,12,1,2
BRDA:89,13,0,0
BRDA:89,13,1,0
BRDA:111,14,0,1
BRDA:110,15,0,2
BRDA:110,15,1,1
BRDA:133,16,0,2
BRDA:133,17,0,2
BRDA:133,17,1,2
BRDA:143,18,0,1
BRDA:143,18,1,1
BRF:37
BRH:24
end_of_record
TN:
SF:components/SchemaView.tsx
FN:9,SchemaView
FN:10,(anonymous_2)
FN:57,(anonymous_3)
FN:91,(anonymous_4)
FN:115,(anonymous_5)
FNF:5
FNH:3
FNDA:1,SchemaView
FNDA:0,(anonymous_2)
FNDA:2,(anonymous_3)
FNDA:1,(anonymous_4)
FNDA:0,(anonymous_5)
DA:9,1
DA:10,1
DA:11,0
DA:12,0
DA:58,2
DA:92,1
DA:116,0
LF:7
LH:4
BRDA:10,0,0,0
BRDA:21,1,0,0
BRDA:26,2,0,0
BRDA:32,3,0,0
BRDA:67,4,0,1
BRDA:77,5,0,2
BRDA:77,5,1,2
BRDA:87,6,0,1
BRDA:111,7,0,1
BRF:9
BRH:5
end_of_record
TN:
SF:components/SnapshotComparisonView.tsx
FN:13,SnapshotComparisonView
FN:20,(anonymous_3)
FN:23,(anonymous_4)
FN:37,(anonymous_5)
FN:44,(anonymous_6)
FN:82,(anonymous_7)
FN:90,(anonymous_8)
FN:126,(anonymous_9)
FN:130,(anonymous_10)
FN:142,(anonymous_11)
FN:145,(anonymous_12)
FN:241,(anonymous_13)
FN:260,(anonymous_14)
FN:279,(anonymous_15)
FNF:14
FNH:8
FNDA:4,SnapshotComparisonView
FNDA:1,(anonymous_3)
FNDA:0,(anonymous_4)
FNDA:2,(anonymous_5)
FNDA:1,(anonymous_6)
FNDA:3,(anonymous_7)
FNDA:4,(anonymous_8)
FNDA:0,(anonymous_9)
FNDA:3,(anonymous_10)
FNDA:0,(anonymous_11)
FNDA:3,(anonymous_12)
FNDA:0,(anonymous_13)
FNDA:0,(anonymous_14)
FNDA:0,(anonymous_15)
DA:3,1
DA:4,1
DA:6,1
DA:13,1
DA:14,4
DA:15,4
DA:16,4
DA:17,4
DA:18,4
DA:20,4
DA:21,1
DA:23,1
DA:24,0
DA:27,1
DA:28,0
DA:29,0
DA:30,1
DA:31,1
DA:32,1
DA:37,4
DA:39,2
DA:40,1
DA:44,4
DA:45,1
DA:47,1
DA:48,1
DA:49,1
DA:56,1
DA:62,1
DA:63,1
DA:65,1
DA:66,1
DA:68,0
DA:69,0
DA:70,0
DA:71,0
DA:72,0
DA:75,0
DA:76,0
DA:78,1
DA:82,4
DA:83,3
DA:84,2
DA:85,2
DA:86,2
DA:87,2
DA:90,4
DA:91,4
DA:94,4
DA:102,3
DA:111,3
DA:126,0
DA:131,3
DA:142,0
DA:146,3
DA:242,0
DA:261,0
DA:280,0
LF:58
LH:43
BRDA:21,0,0,1
BRDA:21,0,1,0
BRDA:21,1,0,1
BRDA:21,1,1,1
BRDA:21,1,2,1
BRDA:27,2,0,0
BRDA:27,2,1,1
BRDA:28,3,0,0
BRDA:28,3,1,0
BRDA:29,4,0,0
BRDA:29,4,1,0
BRDA:30,5,0,1
BRDA:30,5,1,0
BRDA:32,6,0,1
BRDA:32,6,1,0
BRDA:39,7,0,1
BRDA:39,7,1,1
BRDA:39,8,0,2
BRDA:39,8,1,1
BRDA:45,9,0,0
BRDA:45,9,1,1
BRDA:59,10,0,1
BRDA:59,10,1,1
BRDA:62,11,0,1
BRDA:62,11,1,0
BRDA:69,12,0,0
BRDA:69,12,1,0
BRDA:69,13,0,0
BRDA:69,13,1,0
BRDA:69,13,2,0
BRDA:71,14,0,0
BRDA:71,14,1,0
BRDA:83,15,0,1
BRDA:83,15,1,2
BRDA:94,16,0,1
BRDA:94,16,1,3
BRDA:94,17,0,4
BRDA:94,17,1,1
BRDA:102,18,0,0
BRDA:102,18,1,3
BRDA:111,19,0,0
BRDA:111,19,1,3
BRDA:111,20,0,3
BRDA:111,20,1,3
BRDA:111,20,2,3
BRDA:125,21,0,3
BRDA:125,21,1,3
BRDA:126,22,0,0
BRDA:126,22,1,0
BRDA:141,23,0,3
BRDA:141,23,1,1
BRDA:142,24,0,0
BRDA:142,24,1,0
BRDA:154,25,0,3
BRDA:182,26,0,1
BRDA:182,26,1,0
BRDA:186,27,0,1
BRDA:186,27,1,0
BRDA:200,28,0,1
BRDA:201,29,0,1
BRDA:201,29,1,0
BRDA:202,30,0,1
BRDA:202,30,1,0
BRDA:211,31,0,1
BRDA:212,32,0,1
BRDA:212,32,1,0
BRDA:213,33,0,1
BRDA:213,33,1,0
BRDA:222,34,0,1
BRDA:223,35,0,1
BRDA:223,35,1,0
BRDA:224,36,0,1
BRDA:224,36,1,0
BRDA:233,37,0,1
BRDA:252,38,0,1
BRDA:271,39,0,1
BRDA:287,40,0,0
BRDA:288,41,0,0
BRDA:288,41,1,0
BRDA:289,42,0,0
BRDA:289,42,1,0
BRDA:298,43,0,0
BRDA:299,44,0,0
BRDA:299,44,1,0
BRDA:300,45,0,0
BRDA:300,45,1,0
BRDA:313,46,0,1
BRDA:313,46,1,1
BRDA:313,46,2,1
BRF:89
BRH:48
end_of_record
TN:
SF:components/StatsView.tsx
FN:10,StatsView
FN:11,(anonymous_2)
FN:20,(anonymous_3)
FN:21,(anonymous_4)
FN:33,(anonymous_5)
FN:43,(anonymous_6)
FN:52,(anonymous_7)
FN:54,(anonymous_8)
FN:168,(anonymous_9)
FN:174,(anonymous_10)
FN:180,(anonymous_11)
FNF:11
FNH:10
FNDA:1,StatsView
FNDA:4,(anonymous_2)
FNDA:1,(anonymous_3)
FNDA:1,(anonymous_4)
FNDA:1,(anonymous_5)
FNDA:1,(anonymous_6)
FNDA:0,(anonymous_7)
FNDA:1,(anonymous_8)
FNDA:1,(anonymous_9)
FNDA:1,(anonymous_10)
FNDA:1,(anonymous_11)
DA:4,1
DA:10,1
DA:11,1
DA:12,4
DA:13,4
DA:14,4
DA:15,4
DA:16,4
DA:20,1
DA:21,1
DA:22,1
DA:23,1
DA:26,1
DA:33,1
DA:34,1
DA:35,1
DA:36,1
DA:37,1
DA:43,1
DA:51,1
DA:52,0
DA:54,1
DA:168,1
DA:174,1
DA:180,1
LF:25
LH:24
BRDA:12,0,0,0
BRDA:12,0,1,4
BRDA:35,1,0,1
BRDA:35,1,1,0
BRDA:35,2,0,1
BRDA:35,2,1,1
BRDA:46,3,0,1
BRDA:46,3,1,1
BRDA:47,4,0,1
BRDA:47,4,1,1
BRDA:58,5,0,1
BRDA:58,5,1,0
BRDA:106,6,0,1
BRF:13
BRH:10
end_of_record
TN:
SF:components/TableAnalyzer.tsx
FN:19,TableAnalyzer
FN:25,(anonymous_3)
FN:31,(anonymous_4)
FN:66,(anonymous_5)
FN:77,(anonymous_6)
FN:88,(anonymous_7)
FN:99,(anonymous_8)
FN:110,(anonymous_9)
FN:121,(anonymous_10)
FN:132,(anonymous_11)
FNF:10
FNH:5
FNDA:19,TableAnalyzer
FNDA:5,(anonymous_3)
FNDA:6,(anonymous_4)
FNDA:0,(anonymous_5)
FNDA:1,(anonymous_6)
FNDA:0,(anonymous_7)
FNDA:0,(anonymous_8)
FNDA:0,(anonymous_9)
FNDA:0,(anonymous_10)
FNDA:1,(anonymous_11)
DA:3,1
DA:4,1
DA:6,1
DA:7,1
DA:8,1
DA:9,1
DA:10,1
DA:11,1
DA:12,1
DA:13,1
DA:19,5
DA:20,19
DA:21,19
DA:22,19
DA:23,19
DA:25,19
DA:26,5
DA:27,5
DA:31,19
DA:32,6
DA:33,6
DA:34,6
DA:35,6
DA:39,6
DA:40,6
DA:42,6
DA:43,5
DA:46,1
DA:47,1
DA:48,1
DA:49,1
DA:50,1
DA:53,1
DA:54,1
DA:56,6
DA:66,0
DA:77,1
DA:88,0
DA:99,0
DA:110,0
DA:121,0
DA:132,1
LF:42
LH:37
BRDA:26,0,0,5
BRDA:26,0,1,0
BRDA:39,1,0,6
BRDA:39,1,1,0
BRDA:47,2,0,1
BRDA:47,2,1,0
BRDA:47,3,0,1
BRDA:47,3,1,1
BRDA:47,3,2,1
BRDA:49,4,0,1
BRDA:49,4,1,0
BRDA:68,5,0,17
BRDA:68,5,1,2
BRDA:79,6,0,1
BRDA:79,6,1,18
BRDA:90,7,0,0
BRDA:90,7,1,19
BRDA:101,8,0,0
BRDA:101,8,1,19
BRDA:112,9,0,0
BRDA:112,9,1,19
BRDA:123,10,0,0
BRDA:123,10,1,19
BRDA:133,11,0,1
BRDA:133,11,1,18
BRDA:149,12,0,6
BRDA:149,12,1,13
BRDA:158,13,0,5
BRDA:157,14,0,19
BRDA:157,14,1,6
BRDA:162,15,0,1
BRDA:167,16,0,5
BRDA:172,17,0,8
BRDA:173,18,0,8
BRDA:174,19,0,8
BRDA:175,20,0,8
BRDA:176,21,0,8
BRDA:177,22,0,8
BRDA:178,23,0,8
BRF:39
BRH:31
end_of_record
